<?xml version="1.0" encoding="UTF-8"?>
<!-- Generated by org.testng.reporters.JUnitXMLReporter -->
<testsuite ignored="0" hostname="DESKTOP-E8N5P9E" failures="1" tests="6" name="listenerStud" time="1.182" errors="0" timestamp="2022-04-09T18:31:29 IST">
  <testcase classname="listenersStudy.ListenerStudy" name="a" time="0.012"/>
  <testcase classname="listenersStudy.ListenerStudy" name="b" time="1.012">
    <failure type="org.testng.internal.thread.ThreadTimeoutException" message="Method listenersStudy.ListenerStudy.b() didn&amp;apos;t finish within the time-out 1000">
      <![CDATA[org.testng.internal.thread.ThreadTimeoutException: Method listenersStudy.ListenerStudy.b() didn't finish within the time-out 1000
at java.base/java.util.ArrayList.forEach(ArrayList.java:1511)
... Removed 24 stack frames]]>
    </failure>
  </testcase> <!-- b -->
  <testcase classname="listenersStudy.ListenerStudy" name="c" time="0.0">
    <skipped/>
  </testcase> <!-- c -->
  <testcase classname="listenersStudy.AnotherListener" name="d" time="0.008"/>
  <testcase classname="listenersStudy.AnotherListener" name="e" time="0.005"/>
  <testcase classname="listenersStudy.AnotherListener" name="f" time="0.007"/>
</testsuite> <!-- listenerStud -->
